2022-05-11 20:32:19.776 [info] <0.44.0> Application lager started on node nonode@nohost
2022-05-11 20:32:19.788 [info] <0.44.0> Application xmerl started on node nonode@nohost
2022-05-11 20:32:19.826 [info] <0.44.0> Application sasl started on node nonode@nohost
2022-05-11 20:32:19.827 [info] <0.44.0> Application tools started on node nonode@nohost
2022-05-11 20:32:19.827 [info] <0.44.0> Application jsx started on node nonode@nohost
2022-05-11 20:32:19.828 [info] <0.44.0> Application recon started on node nonode@nohost
2022-05-11 20:32:19.996 [info] <0.44.0> Application credentials_obfuscation started on node nonode@nohost
2022-05-11 20:32:19.996 [info] <0.44.0> Application rabbit_common started on node nonode@nohost
2022-05-11 20:32:20.024 [info] <0.44.0> Application amqp_client started on node nonode@nohost
2022-05-11 20:32:20.033 [info] <0.44.0> Application amqp started on node nonode@nohost
2022-05-11 20:32:20.034 [info] <0.44.0> Application rabbitmq_tutorials started on node nonode@nohost
2022-05-11 21:22:41.967 [info] <0.44.0> Application lager started on node nonode@nohost
2022-05-11 21:22:41.984 [info] <0.44.0> Application xmerl started on node nonode@nohost
2022-05-11 21:22:42.003 [info] <0.44.0> Application sasl started on node nonode@nohost
2022-05-11 21:22:42.003 [info] <0.44.0> Application tools started on node nonode@nohost
2022-05-11 21:22:42.003 [info] <0.44.0> Application jsx started on node nonode@nohost
2022-05-11 21:22:42.004 [info] <0.44.0> Application recon started on node nonode@nohost
2022-05-11 21:22:42.164 [info] <0.44.0> Application credentials_obfuscation started on node nonode@nohost
2022-05-11 21:22:42.165 [info] <0.44.0> Application rabbit_common started on node nonode@nohost
2022-05-11 21:22:42.191 [info] <0.44.0> Application amqp_client started on node nonode@nohost
2022-05-11 21:22:42.201 [info] <0.44.0> Application amqp started on node nonode@nohost
2022-05-11 21:22:42.201 [info] <0.44.0> Application rabbitmq_tutorials started on node nonode@nohost
2022-05-12 10:19:23.709 [info] <0.44.0> Application lager started on node nonode@nohost
2022-05-12 10:19:23.717 [info] <0.44.0> Application xmerl started on node nonode@nohost
2022-05-12 10:19:23.733 [info] <0.44.0> Application sasl started on node nonode@nohost
2022-05-12 10:19:23.733 [info] <0.44.0> Application tools started on node nonode@nohost
2022-05-12 10:19:23.733 [info] <0.44.0> Application jsx started on node nonode@nohost
2022-05-12 10:19:23.734 [info] <0.44.0> Application recon started on node nonode@nohost
2022-05-12 10:19:23.867 [info] <0.44.0> Application credentials_obfuscation started on node nonode@nohost
2022-05-12 10:19:23.867 [info] <0.44.0> Application rabbit_common started on node nonode@nohost
2022-05-12 10:19:23.890 [info] <0.44.0> Application amqp_client started on node nonode@nohost
2022-05-12 10:19:23.899 [info] <0.44.0> Application amqp started on node nonode@nohost
2022-05-12 10:19:23.899 [info] <0.44.0> Application rabbitmq_tutorials started on node nonode@nohost
2022-05-12 10:19:34.983 [info] <0.44.0> Application lager started on node nonode@nohost
2022-05-12 10:19:34.990 [info] <0.44.0> Application xmerl started on node nonode@nohost
2022-05-12 10:19:35.006 [info] <0.44.0> Application sasl started on node nonode@nohost
2022-05-12 10:19:35.006 [info] <0.44.0> Application tools started on node nonode@nohost
2022-05-12 10:19:35.006 [info] <0.44.0> Application jsx started on node nonode@nohost
2022-05-12 10:19:35.006 [info] <0.44.0> Application recon started on node nonode@nohost
2022-05-12 10:19:35.141 [info] <0.44.0> Application credentials_obfuscation started on node nonode@nohost
2022-05-12 10:19:35.141 [info] <0.44.0> Application rabbit_common started on node nonode@nohost
2022-05-12 10:19:35.163 [info] <0.44.0> Application amqp_client started on node nonode@nohost
2022-05-12 10:19:35.172 [info] <0.44.0> Application amqp started on node nonode@nohost
2022-05-12 10:19:35.172 [info] <0.44.0> Application rabbitmq_tutorials started on node nonode@nohost
2022-05-12 10:42:13.366 [info] <0.44.0> Application lager started on node nonode@nohost
2022-05-12 10:42:13.375 [info] <0.44.0> Application xmerl started on node nonode@nohost
2022-05-12 10:42:13.387 [info] <0.44.0> Application sasl started on node nonode@nohost
2022-05-12 10:42:13.388 [info] <0.44.0> Application tools started on node nonode@nohost
2022-05-12 10:42:13.388 [info] <0.44.0> Application jsx started on node nonode@nohost
2022-05-12 10:42:13.388 [info] <0.44.0> Application recon started on node nonode@nohost
2022-05-12 10:42:13.527 [info] <0.44.0> Application credentials_obfuscation started on node nonode@nohost
2022-05-12 10:42:13.527 [info] <0.44.0> Application rabbit_common started on node nonode@nohost
2022-05-12 10:42:13.551 [info] <0.44.0> Application amqp_client started on node nonode@nohost
2022-05-12 10:42:13.562 [info] <0.44.0> Application amqp started on node nonode@nohost
2022-05-12 10:42:13.562 [info] <0.44.0> Application rabbitmq_tutorials started on node nonode@nohost
2022-05-12 10:44:55.563 [info] <0.44.0> Application lager started on node nonode@nohost
2022-05-12 10:44:55.570 [info] <0.44.0> Application xmerl started on node nonode@nohost
2022-05-12 10:44:55.585 [info] <0.44.0> Application sasl started on node nonode@nohost
2022-05-12 10:44:55.585 [info] <0.44.0> Application tools started on node nonode@nohost
2022-05-12 10:44:55.589 [info] <0.44.0> Application jsx started on node nonode@nohost
2022-05-12 10:44:55.589 [info] <0.44.0> Application recon started on node nonode@nohost
2022-05-12 10:44:55.723 [info] <0.44.0> Application credentials_obfuscation started on node nonode@nohost
2022-05-12 10:44:55.723 [info] <0.44.0> Application rabbit_common started on node nonode@nohost
2022-05-12 10:44:55.744 [info] <0.44.0> Application amqp_client started on node nonode@nohost
2022-05-12 10:44:55.753 [info] <0.44.0> Application amqp started on node nonode@nohost
2022-05-12 10:44:55.753 [info] <0.44.0> Application rabbitmq_tutorials started on node nonode@nohost
2022-05-12 11:16:48.395 [info] <0.44.0> Application lager started on node nonode@nohost
2022-05-12 11:16:48.402 [info] <0.44.0> Application xmerl started on node nonode@nohost
2022-05-12 11:16:48.423 [info] <0.44.0> Application sasl started on node nonode@nohost
2022-05-12 11:16:48.423 [info] <0.44.0> Application tools started on node nonode@nohost
2022-05-12 11:16:48.423 [info] <0.44.0> Application jsx started on node nonode@nohost
2022-05-12 11:16:48.423 [info] <0.44.0> Application recon started on node nonode@nohost
2022-05-12 11:16:48.553 [info] <0.44.0> Application credentials_obfuscation started on node nonode@nohost
2022-05-12 11:16:48.554 [info] <0.44.0> Application rabbit_common started on node nonode@nohost
2022-05-12 11:16:48.580 [info] <0.44.0> Application amqp_client started on node nonode@nohost
2022-05-12 11:16:48.589 [info] <0.44.0> Application amqp started on node nonode@nohost
2022-05-12 11:16:48.589 [info] <0.44.0> Application rabbitmq_tutorials started on node nonode@nohost
2022-05-12 11:18:43.128 [info] <0.44.0> Application lager started on node nonode@nohost
2022-05-12 11:18:43.135 [info] <0.44.0> Application xmerl started on node nonode@nohost
2022-05-12 11:18:43.147 [info] <0.44.0> Application sasl started on node nonode@nohost
2022-05-12 11:18:43.148 [info] <0.44.0> Application tools started on node nonode@nohost
2022-05-12 11:18:43.148 [info] <0.44.0> Application jsx started on node nonode@nohost
2022-05-12 11:18:43.148 [info] <0.44.0> Application recon started on node nonode@nohost
2022-05-12 11:18:43.289 [info] <0.44.0> Application credentials_obfuscation started on node nonode@nohost
2022-05-12 11:18:43.289 [info] <0.44.0> Application rabbit_common started on node nonode@nohost
2022-05-12 11:18:43.311 [info] <0.44.0> Application amqp_client started on node nonode@nohost
2022-05-12 11:18:43.319 [info] <0.44.0> Application amqp started on node nonode@nohost
2022-05-12 11:18:43.320 [info] <0.44.0> Application rabbitmq_tutorials started on node nonode@nohost
